<?xml version="1.0" encoding="UTF-8"?>
<!-- Generated by org.testng.reporters.JUnitReportReporter -->
<testsuite hostname="DELL-C0HKRC2" failures="0" tests="1" name="pruebas.AlertTest" time="0.262" errors="0" timestamp="2021-12-10T20:52:20 ART" skipped="0">
  <testcase classname="pruebas.AlertTest" name="verAlerta4" time="0.262"/>
  <system-out/>
</testsuite> <!-- pruebas.AlertTest -->
