<?xml version="1.0" encoding="UTF-8"?>
<!-- Generated by org.testng.reporters.JUnitReportReporter -->
<testsuite hostname="DELL-C0HKRC2" failures="0" tests="1" name="Edit.EducacionITViernes.Laboratorio3" time="11.658" errors="0" timestamp="2021-11-26T21:28:56 ART" skipped="0">
  <testcase classname="Edit.EducacionITViernes.Laboratorio3" name="registrarUsuario" time="11.658"/>
  <system-out/>
</testsuite> <!-- Edit.EducacionITViernes.Laboratorio3 -->
