<?xml version="1.0" encoding="UTF-8"?>
<!-- Generated by org.testng.reporters.JUnitReportReporter -->
<testsuite hostname="DELL-C0HKRC2" failures="0" tests="4" name="Edit.EducacionITViernes.Laboratorio2" time="42.391" errors="0" timestamp="2021-11-26T21:28:56 ART" skipped="0">
  <testcase classname="Edit.EducacionITViernes.Laboratorio2" name="buscarPalabraFirefox" time="14.892"/>
  <system-out/>
  <testcase classname="Edit.EducacionITViernes.Laboratorio2" name="irAContactUs" time="8.769"/>
  <system-out/>
  <testcase classname="Edit.EducacionITViernes.Laboratorio2" name="buscarPalabraChrome" time="9.378"/>
  <system-out/>
  <testcase classname="Edit.EducacionITViernes.Laboratorio2" name="buscarPalabraChromeIncognito" time="9.352"/>
  <system-out/>
</testsuite> <!-- Edit.EducacionITViernes.Laboratorio2 -->
