<?xml version="1.0" encoding="UTF-8"?>
<!-- Generated by org.testng.reporters.JUnitReportReporter -->
<testsuite hostname="DELL-C0HKRC2" failures="0" tests="1" name="Edit.EducacionITViernes.Laboratorio4" time="4.315" errors="0" timestamp="2021-12-03T19:58:55 ART" skipped="0">
  <testcase classname="Edit.EducacionITViernes.Laboratorio4" name="buscarPalabra" time="4.315"/>
  <system-out/>
</testsuite> <!-- Edit.EducacionITViernes.Laboratorio4 -->
