<?xml version="1.0" encoding="UTF-8"?>
<!-- Generated by org.testng.reporters.JUnitReportReporter -->
<testsuite hostname="DELL-C0HKRC2" failures="0" tests="2" name="pruebas.CrossBrowserTest" time="2.423" errors="0" timestamp="2021-12-03T21:16:55 ART" skipped="0">
  <testcase classname="pruebas.CrossBrowserTest" name="buscarPalabra" time="2.215"/>
  <system-out/>
  <testcase classname="pruebas.CrossBrowserTest" name="buscarPalabra" time="0.208"/>
  <system-out/>
</testsuite> <!-- pruebas.CrossBrowserTest -->
