<?xml version="1.0" encoding="UTF-8"?>
<!-- Generated by org.testng.reporters.JUnitReportReporter -->
<testsuite hostname="DELL-C0HKRC2" failures="0" tests="1" name="Edit.EducacionITViernes.AppTest" time="0.017" errors="0" timestamp="2021-11-26T21:28:56 ART" skipped="0">
  <testcase classname="Edit.EducacionITViernes.AppTest" name="shouldAnswerWithTrue" time="0.017"/>
  <system-out/>
</testsuite> <!-- Edit.EducacionITViernes.AppTest -->
