<?xml version="1.0" encoding="UTF-8"?>
<!-- Generated by org.testng.reporters.JUnitReportReporter -->
<testsuite hostname="DELL-C0HKRC2" failures="0" tests="1" name="pruebas.Laboratorio5" time="5.447" errors="0" timestamp="2021-12-03T21:00:03 ART" skipped="0">
  <testcase classname="pruebas.Laboratorio5" name="login" time="5.447"/>
  <system-out/>
</testsuite> <!-- pruebas.Laboratorio5 -->
